<?xml version="1.0" encoding="UTF-8"?>
<testng-results skipped="0" failed="1" ignored="0" total="3" passed="2">
  <reporter-output>
    <line>
      <![CDATA[click on the element]]>
    </line>
    <line>
      <![CDATA[Browser launched]]>
    </line>
    <line>
      <![CDATA[Moved to new window]]>
    </line>
    <line>
      <![CDATA[send key value]]>
    </line>
    <line>
      <![CDATA[send key value]]>
    </line>
    <line>
      <![CDATA[Login Succesful]]>
    </line>
    <line>
      <![CDATA[Browser closed]]>
    </line>
    <line>
      <![CDATA[Browser launched]]>
    </line>
    <line>
      <![CDATA[Get page Title]]>
    </line>
    <line>
      <![CDATA[Browser Closed]]>
    </line>
    <line>
      <![CDATA[Browser launched]]>
    </line>
    <line>
      <![CDATA[Check element isDisplayed]]>
    </line>
    <line>
      <![CDATA[Login Button Verified]]>
    </line>
    <line>
      <![CDATA[Browser Closed]]>
    </line>
  </reporter-output>
  <suite name="Suite" duration-ms="77512" started-at="2020-05-12T06:09:33Z" finished-at="2020-05-12T06:10:51Z">
    <groups>
    </groups>
    <test name="MicroFocusIntergrationTest" duration-ms="77512" started-at="2020-05-12T06:09:33Z" finished-at="2020-05-12T06:10:51Z">
      <class name="com.mfi.qa.testCases.TC_LoginPage_002">
        <test-method status="PASS" signature="setUp()[pri:0, instance:com.mfi.qa.testCases.TC_LoginPage_002@4b952a2d]" name="setUp" is-config="true" duration-ms="27519" started-at="2020-05-12T06:09:34Z" finished-at="2020-05-12T06:10:01Z">
          <reporter-output>
            <line>
              <![CDATA[click on the element]]>
            </line>
            <line>
              <![CDATA[Browser launched]]>
            </line>
          </reporter-output>
        </test-method> <!-- setUp -->
        <test-method status="PASS" signature="LoginCheckTest()[pri:1, instance:com.mfi.qa.testCases.TC_LoginPage_002@4b952a2d]" name="LoginCheckTest" duration-ms="9916" started-at="2020-05-12T06:10:01Z" finished-at="2020-05-12T06:10:11Z">
          <reporter-output>
            <line>
              <![CDATA[Moved to new window]]>
            </line>
            <line>
              <![CDATA[send key value]]>
            </line>
            <line>
              <![CDATA[send key value]]>
            </line>
            <line>
              <![CDATA[Login Succesful]]>
            </line>
          </reporter-output>
        </test-method> <!-- LoginCheckTest -->
        <test-method status="PASS" signature="closeBrowser(java.lang.reflect.Method)[pri:0, instance:com.mfi.qa.testCases.TC_LoginPage_002@4b952a2d]" name="closeBrowser" is-config="true" duration-ms="1585" started-at="2020-05-12T06:10:11Z" finished-at="2020-05-12T06:10:13Z">
          <params>
            <param index="0">
              <value>
                <![CDATA[public void com.mfi.qa.testCases.TC_LoginPage_002.LoginCheckTest()]]>
              </value>
            </param>
          </params>
          <reporter-output>
            <line>
              <![CDATA[Browser closed]]>
            </line>
          </reporter-output>
        </test-method> <!-- closeBrowser -->
      </class> <!-- com.mfi.qa.testCases.TC_LoginPage_002 -->
      <class name="com.mfi.qa.testCases.TC_HomePage_001">
        <test-method status="PASS" signature="setup()[pri:0, instance:com.mfi.qa.testCases.TC_HomePage_001@3159c4b8]" name="setup" is-config="true" duration-ms="15026" started-at="2020-05-12T06:10:13Z" finished-at="2020-05-12T06:10:28Z">
          <reporter-output>
            <line>
              <![CDATA[Browser launched]]>
            </line>
          </reporter-output>
        </test-method> <!-- setup -->
        <test-method status="FAIL" signature="homePageTitleTest()[pri:1, instance:com.mfi.qa.testCases.TC_HomePage_001@3159c4b8]" name="homePageTitleTest" duration-ms="22" started-at="2020-05-12T06:10:28Z" finished-at="2020-05-12T06:10:28Z">
          <exception class="java.lang.AssertionError">
            <message>
              <![CDATA[expected [TRAVELS booking script and system for hotels airline flights tours cars online application - PHPTRAVELS] but found [PHPTRAVELS booking script and system for hotels airline flights tours cars online application - PHPTRAVELS]]]>
            </message>
            <full-stacktrace>
              <![CDATA[java.lang.AssertionError: expected [TRAVELS booking script and system for hotels airline flights tours cars online application - PHPTRAVELS] but found [PHPTRAVELS booking script and system for hotels airline flights tours cars online application - PHPTRAVELS]
at org.testng.Assert.fail(Assert.java:96)
at org.testng.Assert.failNotEquals(Assert.java:776)
at org.testng.Assert.assertEqualsImpl(Assert.java:137)
at org.testng.Assert.assertEquals(Assert.java:118)
at org.testng.Assert.assertEquals(Assert.java:453)
at org.testng.Assert.assertEquals(Assert.java:463)
at com.mfi.qa.testCases.TC_HomePage_001.homePageTitleTest(TC_HomePage_001.java:45)
at sun.reflect.NativeMethodAccessorImpl.invoke0(Native Method)
at sun.reflect.NativeMethodAccessorImpl.invoke(Unknown Source)
at sun.reflect.DelegatingMethodAccessorImpl.invoke(Unknown Source)
at java.lang.reflect.Method.invoke(Unknown Source)
at org.testng.internal.MethodInvocationHelper.invokeMethod(MethodInvocationHelper.java:124)
at org.testng.internal.Invoker.invokeMethod(Invoker.java:583)
at org.testng.internal.Invoker.invokeTestMethod(Invoker.java:719)
at org.testng.internal.Invoker.invokeTestMethods(Invoker.java:989)
at org.testng.internal.TestMethodWorker.invokeTestMethods(TestMethodWorker.java:125)
at org.testng.internal.TestMethodWorker.run(TestMethodWorker.java:109)
at org.testng.TestRunner.privateRun(TestRunner.java:648)
at org.testng.TestRunner.run(TestRunner.java:505)
at org.testng.SuiteRunner.runTest(SuiteRunner.java:455)
at org.testng.SuiteRunner.runSequentially(SuiteRunner.java:450)
at org.testng.SuiteRunner.privateRun(SuiteRunner.java:415)
at org.testng.SuiteRunner.run(SuiteRunner.java:364)
at org.testng.SuiteRunnerWorker.runSuite(SuiteRunnerWorker.java:52)
at org.testng.SuiteRunnerWorker.run(SuiteRunnerWorker.java:84)
at org.testng.TestNG.runSuitesSequentially(TestNG.java:1208)
at org.testng.TestNG.runSuitesLocally(TestNG.java:1137)
at org.testng.TestNG.runSuites(TestNG.java:1049)
at org.testng.TestNG.run(TestNG.java:1017)
at org.testng.remote.AbstractRemoteTestNG.run(AbstractRemoteTestNG.java:132)
at org.testng.remote.RemoteTestNG.initAndRun(RemoteTestNG.java:236)
at org.testng.remote.RemoteTestNG.main(RemoteTestNG.java:81)
]]>
            </full-stacktrace>
          </exception> <!-- java.lang.AssertionError -->
          <reporter-output>
            <line>
              <![CDATA[Get page Title]]>
            </line>
          </reporter-output>
        </test-method> <!-- homePageTitleTest -->
        <test-method status="PASS" signature="closeBrowser(java.lang.reflect.Method)[pri:0, instance:com.mfi.qa.testCases.TC_HomePage_001@3159c4b8]" name="closeBrowser" is-config="true" duration-ms="4229" started-at="2020-05-12T06:10:28Z" finished-at="2020-05-12T06:10:32Z">
          <params>
            <param index="0">
              <value>
                <![CDATA[public void com.mfi.qa.testCases.TC_HomePage_001.homePageTitleTest() throws java.io.IOException]]>
              </value>
            </param>
          </params>
          <reporter-output>
            <line>
              <![CDATA[Browser Closed]]>
            </line>
          </reporter-output>
        </test-method> <!-- closeBrowser -->
        <test-method status="PASS" signature="setup()[pri:0, instance:com.mfi.qa.testCases.TC_HomePage_001@3159c4b8]" name="setup" is-config="true" duration-ms="13977" started-at="2020-05-12T06:10:32Z" finished-at="2020-05-12T06:10:46Z">
          <reporter-output>
            <line>
              <![CDATA[Browser launched]]>
            </line>
          </reporter-output>
        </test-method> <!-- setup -->
        <test-method status="PASS" signature="loginPresent()[pri:2, instance:com.mfi.qa.testCases.TC_HomePage_001@3159c4b8]" name="loginPresent" duration-ms="156" started-at="2020-05-12T06:10:46Z" finished-at="2020-05-12T06:10:46Z">
          <reporter-output>
            <line>
              <![CDATA[Check element isDisplayed]]>
            </line>
            <line>
              <![CDATA[Login Button Verified]]>
            </line>
          </reporter-output>
        </test-method> <!-- loginPresent -->
        <test-method status="PASS" signature="closeBrowser(java.lang.reflect.Method)[pri:0, instance:com.mfi.qa.testCases.TC_HomePage_001@3159c4b8]" name="closeBrowser" is-config="true" duration-ms="4752" started-at="2020-05-12T06:10:46Z" finished-at="2020-05-12T06:10:51Z">
          <params>
            <param index="0">
              <value>
                <![CDATA[public void com.mfi.qa.testCases.TC_HomePage_001.loginPresent()]]>
              </value>
            </param>
          </params>
          <reporter-output>
            <line>
              <![CDATA[Browser Closed]]>
            </line>
          </reporter-output>
        </test-method> <!-- closeBrowser -->
      </class> <!-- com.mfi.qa.testCases.TC_HomePage_001 -->
    </test> <!-- MicroFocusIntergrationTest -->
  </suite> <!-- Suite -->
</testng-results>
